SF:lib/src/impl/type_registry.dart
DA:15,0
DA:16,0
DA:17,0
DA:20,0
DA:21,0
DA:22,0
DA:25,1
DA:28,0
DA:30,0
DA:34,0
DA:35,0
DA:37,0
DA:38,0
DA:42,1
DA:45,0
DA:46,0
DA:51,1
DA:52,3
DA:54,1
DA:57,0
DA:58,0
DA:59,0
DA:60,0
DA:61,0
DA:68,0
DA:69,0
DA:70,0
DA:71,0
DA:75,0
DA:76,0
DA:80,0
DA:82,1
DA:90,0
DA:91,0
LF:34
LH:6
end_of_record
SF:lib/src/impl/box_impl.dart
DA:4,2
DA:11,1
DA:12,2
DA:14,1
DA:15,2
DA:17,1
DA:18,2
DA:20,1
DA:21,2
DA:23,0
DA:24,0
DA:26,0
DA:27,0
DA:29,0
DA:31,0
DA:32,0
DA:33,0
DA:35,0
DA:37,0
DA:41,0
DA:45,1
DA:47,1
DA:48,3
DA:49,1
DA:51,1
DA:53,1
DA:56,0
DA:57,0
DA:59,0
DA:63,1
DA:65,6
DA:68,1
DA:70,3
DA:73,2
DA:76,1
DA:79,1
DA:80,4
DA:83,1
DA:85,4
DA:88,1
DA:90,4
DA:91,1
DA:94,1
DA:96,3
DA:99,2
DA:102,1
DA:105,1
DA:107,1
DA:108,1
DA:109,1
DA:110,1
DA:112,1
DA:116,1
DA:118,2
DA:120,1
DA:121,1
DA:123,1
DA:125,2
DA:127,1
DA:129,3
DA:132,1
DA:134,2
DA:135,1
DA:138,1
DA:139,1
DA:140,2
DA:141,2
DA:142,1
DA:144,3
DA:145,2
DA:151,1
DA:153,1
DA:154,1
DA:155,1
DA:157,2
DA:159,1
DA:161,2
DA:163,1
DA:164,2
DA:165,1
DA:170,1
DA:172,2
DA:173,1
DA:174,2
DA:175,2
DA:179,2
DA:183,1
DA:185,2
DA:187,4
DA:189,2
DA:192,1
DA:194,2
DA:197,2
DA:201,1
DA:203,1
DA:204,1
DA:205,1
DA:206,1
DA:208,1
DA:212,1
DA:214,2
DA:215,1
DA:217,1
DA:218,2
DA:219,1
DA:220,2
DA:221,3
DA:222,1
DA:223,1
DA:225,1
DA:227,2
DA:231,1
DA:233,2
DA:234,2
DA:238,1
DA:239,1
DA:240,1
DA:241,2
DA:243,3
DA:244,2
DA:245,0
DA:252,1
DA:253,2
DA:254,1
DA:255,2
DA:256,2
DA:259,1
DA:261,2
DA:265,1
DA:267,2
DA:268,1
DA:269,2
DA:270,2
DA:274,2
DA:278,1
DA:280,2
DA:281,1
DA:282,2
DA:283,1
DA:284,2
DA:285,2
DA:288,1
DA:290,2
DA:294,1
DA:296,2
DA:297,4
DA:301,1
DA:303,2
DA:304,3
DA:306,2
DA:311,1
DA:313,2
DA:314,1
DA:315,1
DA:316,1
DA:318,3
DA:319,1
DA:323,1
DA:325,2
DA:326,2
DA:331,4
DA:333,2
DA:334,2
DA:339,0
DA:341,0
DA:342,0
DA:346,0
DA:348,0
DA:349,0
DA:352,1
DA:354,3
DA:355,2
DA:358,0
DA:360,0
LF:174
LH:151
end_of_record
SF:lib/src/hive.dart
DA:5,3
DA:6,3
DA:38,0
DA:42,0
DA:56,1
DA:62,2
DA:64,0
DA:67,0
DA:68,0
DA:74,0
DA:80,1
DA:82,1
DA:88,1
DA:89,2
DA:94,0
DA:95,0
DA:96,0
DA:103,0
DA:104,0
DA:105,0
LF:20
LH:8
end_of_record
SF:lib/src/impl/frame.dart
DA:9,1
LF:1
LH:1
end_of_record
